<?xml version="1.0" encoding="UTF-8"?>
<!-- Generated by org.testng.reporters.JUnitReportReporter -->
<testsuite skipped="6" hostname="Darshans-MacBook-Pro.local" name="com.moofwd.V2Test.V2.AnnouncementV2" tests="6" failures="0" timestamp="3 Jul 2019 13:49:25 GMT" time="0.005" errors="0">
  <testcase name="clickOnBackButtonAnnouncement" time="0.001" classname="com.moofwd.V2Test.V2.AnnouncementV2">
    <skipped/>
  </testcase> <!-- clickOnBackButtonAnnouncement -->
  <testcase name="clickOnHomeMenuIcon" time="0.001" classname="com.moofwd.V2Test.V2.AnnouncementV2">
    <skipped/>
  </testcase> <!-- clickOnHomeMenuIcon -->
  <testcase name="clickOnAnnouncementMenu" time="0.001" classname="com.moofwd.V2Test.V2.AnnouncementV2">
    <skipped/>
  </testcase> <!-- clickOnAnnouncementMenu -->
  <testcase name="slideOfAnnouncement" time="0.001" classname="com.moofwd.V2Test.V2.AnnouncementV2">
    <skipped/>
  </testcase> <!-- slideOfAnnouncement -->
  <testcase name="enterAnnouncementNameInTextField" time="0.000" classname="com.moofwd.V2Test.V2.AnnouncementV2">
    <skipped/>
  </testcase> <!-- enterAnnouncementNameInTextField -->
  <testcase name="clickOnOneOfAnnouncementInList" time="0.001" classname="com.moofwd.V2Test.V2.AnnouncementV2">
    <skipped/>
  </testcase> <!-- clickOnOneOfAnnouncementInList -->
</testsuite> <!-- com.moofwd.V2Test.V2.AnnouncementV2 -->
