<?xml version="1.0" encoding="UTF-8"?>
<!-- Generated by org.testng.reporters.JUnitReportReporter -->
<testsuite skipped="5" hostname="Darshans-MacBook-Pro.local" name="com.moofwd.V2Test.V2.MenuV2" tests="5" failures="0" timestamp="3 Jul 2019 13:49:25 GMT" time="0.004" errors="0">
  <testcase name="clickOnMenuEvents" time="0.001" classname="com.moofwd.V2Test.V2.MenuV2">
    <skipped/>
  </testcase> <!-- clickOnMenuEvents -->
  <testcase name="clickOnMenuButton" time="0.000" classname="com.moofwd.V2Test.V2.MenuV2">
    <skipped/>
  </testcase> <!-- clickOnMenuButton -->
  <testcase name="backOnParticularPage" time="0.001" classname="com.moofwd.V2Test.V2.MenuV2">
    <skipped/>
  </testcase> <!-- backOnParticularPage -->
  <testcase name="clickOnOneofEventInList" time="0.001" classname="com.moofwd.V2Test.V2.MenuV2">
    <skipped/>
  </testcase> <!-- clickOnOneofEventInList -->
  <testcase name="enterEventNameInTextField" time="0.001" classname="com.moofwd.V2Test.V2.MenuV2">
    <skipped/>
  </testcase> <!-- enterEventNameInTextField -->
</testsuite> <!-- com.moofwd.V2Test.V2.MenuV2 -->
