<?xml version="1.0" encoding="UTF-8"?>
<!-- Generated by org.testng.reporters.JUnitReportReporter -->
<testsuite name="fmuTestExtent.PublicDashboard" tests="4" time="74.588" ignored="4" failures="0" timestamp="20 Jun 2019 14:27:45 GMT" skipped="0" hostname="Darshans-MacBook-Pro.local" errors="0">
  <testcase name="clickOn_Li_e_concordo" time="33.418" classname="fmuTestExtent.PublicDashboard"/>
  <testcase name="clickOn_Ir_Para_O_LogIn" time="1.262" classname="fmuTestExtent.PublicDashboard"/>
  <testcase name="clickOnArrow" time="1.153" classname="fmuTestExtent.PublicDashboard"/>
  <testcase name="credentials_Enter_LogIn" time="38.755" classname="fmuTestExtent.PublicDashboard"/>
  <testcase name="tearDown" classname="com.moofwd.base.TestBase">
    <skipped/>
  </testcase> <!-- tearDown -->
  <testcase name="tearDown" classname="com.moofwd.base.TestBase">
    <skipped/>
  </testcase> <!-- tearDown -->
  <testcase name="init" classname="com.moofwd.base.TestBase">
    <skipped/>
  </testcase> <!-- init -->
  <testcase name="init" classname="com.moofwd.base.TestBase">
    <skipped/>
  </testcase> <!-- init -->
</testsuite> <!-- fmuTestExtent.PublicDashboard -->
