<?xml version="1.0" encoding="UTF-8"?>
<!-- Generated by org.testng.reporters.JUnitReportReporter -->
<testsuite name="fmuTestExtent.Notifications" tests="2" time="20.166" ignored="26" failures="0" timestamp="19 Jun 2019 15:00:26 GMT" skipped="0" hostname="Darshans-MacBook-Pro.local" errors="0">
  <testcase name="click_On_notifications" time="1.395" classname="fmuTestExtent.Notifications"/>
  <testcase name="click_On_Notifications_settings" time="18.771" classname="fmuTestExtent.Notifications"/>
  <testcase name="tearDown" classname="com.moofwd.base.TestBase">
    <skipped/>
  </testcase> <!-- tearDown -->
  <testcase name="tearDown" classname="com.moofwd.base.TestBase">
    <skipped/>
  </testcase> <!-- tearDown -->
  <testcase name="tearDown" classname="com.moofwd.base.TestBase">
    <skipped/>
  </testcase> <!-- tearDown -->
  <testcase name="tearDown" classname="com.moofwd.base.TestBase">
    <skipped/>
  </testcase> <!-- tearDown -->
  <testcase name="tearDown" classname="com.moofwd.base.TestBase">
    <skipped/>
  </testcase> <!-- tearDown -->
  <testcase name="tearDown" classname="com.moofwd.base.TestBase">
    <skipped/>
  </testcase> <!-- tearDown -->
  <testcase name="tearDown" classname="com.moofwd.base.TestBase">
    <skipped/>
  </testcase> <!-- tearDown -->
  <testcase name="tearDown" classname="com.moofwd.base.TestBase">
    <skipped/>
  </testcase> <!-- tearDown -->
  <testcase name="tearDown" classname="com.moofwd.base.TestBase">
    <skipped/>
  </testcase> <!-- tearDown -->
  <testcase name="tearDown" classname="com.moofwd.base.TestBase">
    <skipped/>
  </testcase> <!-- tearDown -->
  <testcase name="tearDown" classname="com.moofwd.base.TestBase">
    <skipped/>
  </testcase> <!-- tearDown -->
  <testcase name="tearDown" classname="com.moofwd.base.TestBase">
    <skipped/>
  </testcase> <!-- tearDown -->
  <testcase name="tearDown" classname="com.moofwd.base.TestBase">
    <skipped/>
  </testcase> <!-- tearDown -->
  <testcase name="init" classname="com.moofwd.base.TestBase">
    <skipped/>
  </testcase> <!-- init -->
  <testcase name="init" classname="com.moofwd.base.TestBase">
    <skipped/>
  </testcase> <!-- init -->
  <testcase name="init" classname="com.moofwd.base.TestBase">
    <skipped/>
  </testcase> <!-- init -->
  <testcase name="init" classname="com.moofwd.base.TestBase">
    <skipped/>
  </testcase> <!-- init -->
  <testcase name="init" classname="com.moofwd.base.TestBase">
    <skipped/>
  </testcase> <!-- init -->
  <testcase name="init" classname="com.moofwd.base.TestBase">
    <skipped/>
  </testcase> <!-- init -->
  <testcase name="init" classname="com.moofwd.base.TestBase">
    <skipped/>
  </testcase> <!-- init -->
  <testcase name="init" classname="com.moofwd.base.TestBase">
    <skipped/>
  </testcase> <!-- init -->
  <testcase name="init" classname="com.moofwd.base.TestBase">
    <skipped/>
  </testcase> <!-- init -->
  <testcase name="init" classname="com.moofwd.base.TestBase">
    <skipped/>
  </testcase> <!-- init -->
  <testcase name="init" classname="com.moofwd.base.TestBase">
    <skipped/>
  </testcase> <!-- init -->
  <testcase name="init" classname="com.moofwd.base.TestBase">
    <skipped/>
  </testcase> <!-- init -->
  <testcase name="init" classname="com.moofwd.base.TestBase">
    <skipped/>
  </testcase> <!-- init -->
</testsuite> <!-- fmuTestExtent.Notifications -->
