<?xml version="1.0" encoding="UTF-8"?>
<!-- Generated by org.testng.reporters.JUnitReportReporter -->
<testsuite name="fmuTestExtent.PublicDashboard" tests="4" time="0.000" ignored="4" failures="0" timestamp="30 Jul 2019 11:56:43 GMT" skipped="4" hostname="Darshans-MacBook-Pro.local" errors="0">
  <testcase name="credentials_Enter_LogIn" time="0.000" classname="fmuTestExtent.PublicDashboard">
    <skipped/>
  </testcase> <!-- credentials_Enter_LogIn -->
  <testcase name="clickOn_Ir_Para_O_LogIn" time="0.000" classname="fmuTestExtent.PublicDashboard">
    <skipped/>
  </testcase> <!-- clickOn_Ir_Para_O_LogIn -->
  <testcase name="clickOn_Li_e_concordo" time="0.000" classname="fmuTestExtent.PublicDashboard">
    <skipped/>
  </testcase> <!-- clickOn_Li_e_concordo -->
  <testcase name="clickOnArrow" time="0.000" classname="fmuTestExtent.PublicDashboard">
    <skipped/>
  </testcase> <!-- clickOnArrow -->
  <testcase name="tearDown" classname="com.moofwd.base.TestBase">
    <skipped/>
  </testcase> <!-- tearDown -->
  <testcase name="tearDown" classname="com.moofwd.base.TestBase">
    <skipped/>
  </testcase> <!-- tearDown -->
  <testcase name="init" classname="com.moofwd.base.TestBase">
    <skipped/>
  </testcase> <!-- init -->
  <testcase name="init" classname="com.moofwd.base.TestBase">
    <skipped/>
  </testcase> <!-- init -->
</testsuite> <!-- fmuTestExtent.PublicDashboard -->
