<?xml version="1.0" encoding="UTF-8"?>
<!-- Generated by org.testng.reporters.JUnitReportReporter -->
<testsuite skipped="10" hostname="Darshans-MacBook-Pro.local" name="fmuTestExtent.Academico" tests="12" failures="0" timestamp="16 Jul 2019 12:21:50 GMT" time="1.530" errors="1">
  <testcase name="click_On_Faltas_Courses" time="0.003" classname="fmuTestExtent.Academico">
    <skipped/>
  </testcase> <!-- click_On_Faltas_Courses -->
  <testcase name="click_On_Notas_Courses" time="0.001" classname="fmuTestExtent.Academico">
    <skipped/>
  </testcase> <!-- click_On_Notas_Courses -->
  <testcase name="click_On_Academico" time="1.517" classname="fmuTestExtent.Academico"/>
  <testcase name="click_On_OneofNotas" time="0.001" classname="fmuTestExtent.Academico">
    <skipped/>
  </testcase> <!-- click_On_OneofNotas -->
  <testcase name="click_On_Disciplinas" time="0.002" classname="fmuTestExtent.Academico">
    <skipped/>
  </testcase> <!-- click_On_Disciplinas -->
  <testcase name="click_On_Participants" time="0.001" classname="fmuTestExtent.Academico">
    <skipped/>
  </testcase> <!-- click_On_Participants -->
  <testcase name="click_On_Arquivos" time="0.001" classname="fmuTestExtent.Academico">
    <skipped/>
  </testcase> <!-- click_On_Arquivos -->
  <testcase name="click_On_Historica_Courses" time="0.001" classname="fmuTestExtent.Academico">
    <skipped/>
  </testcase> <!-- click_On_Historica_Courses -->
  <testcase name="click_On_Aulas_Courses" time="0.001" classname="fmuTestExtent.Academico">
    <skipped/>
  </testcase> <!-- click_On_Aulas_Courses -->
  <testcase name="click_On_OneofDisciplinas" time="0.001" classname="fmuTestExtent.Academico">
    <skipped/>
  </testcase> <!-- click_On_OneofDisciplinas -->
  <testcase name="getResult" time="0.000" classname="fmuTestExtent.Academico">
    <error type="java.lang.NullPointerException">
      <![CDATA[java.lang.NullPointerException
	at com.moofwd.base.TestBase.getResult(TestBase.java:197)
	at sun.reflect.NativeMethodAccessorImpl.invoke0(Native Method)
	at sun.reflect.NativeMethodAccessorImpl.invoke(NativeMethodAccessorImpl.java:62)
	at sun.reflect.DelegatingMethodAccessorImpl.invoke(DelegatingMethodAccessorImpl.java:43)
	at java.lang.reflect.Method.invoke(Method.java:498)
	at org.testng.internal.MethodInvocationHelper.invokeMethod(MethodInvocationHelper.java:100)
	at org.testng.internal.Invoker.invokeConfigurationMethod(Invoker.java:515)
	at org.testng.internal.Invoker.invokeConfigurations(Invoker.java:216)
	at org.testng.internal.Invoker.invokeMethod(Invoker.java:712)
	at org.testng.internal.Invoker.invokeTestMethod(Invoker.java:811)
	at org.testng.internal.Invoker.invokeTestMethods(Invoker.java:1137)
	at org.testng.internal.TestMethodWorker.invokeTestMethods(TestMethodWorker.java:129)
	at org.testng.internal.TestMethodWorker.run(TestMethodWorker.java:112)
	at org.testng.TestRunner.privateRun(TestRunner.java:753)
	at org.testng.TestRunner.run(TestRunner.java:607)
	at org.testng.SuiteRunner.runTest(SuiteRunner.java:368)
	at org.testng.SuiteRunner.runSequentially(SuiteRunner.java:363)
	at org.testng.SuiteRunner.privateRun(SuiteRunner.java:321)
	at org.testng.SuiteRunner.run(SuiteRunner.java:270)
	at org.testng.SuiteRunnerWorker.runSuite(SuiteRunnerWorker.java:52)
	at org.testng.SuiteRunnerWorker.run(SuiteRunnerWorker.java:86)
	at org.testng.TestNG.runSuitesSequentially(TestNG.java:1284)
	at org.testng.TestNG.runSuitesLocally(TestNG.java:1209)
	at org.testng.TestNG.runSuites(TestNG.java:1124)
	at org.testng.TestNG.run(TestNG.java:1096)
	at org.testng.remote.AbstractRemoteTestNG.run(AbstractRemoteTestNG.java:132)
	at org.testng.remote.RemoteTestNG.initAndRun(RemoteTestNG.java:236)
	at org.testng.remote.RemoteTestNG.main(RemoteTestNG.java:81)
]]>
    </error>
  </testcase> <!-- getResult -->
  <testcase name="click_On_Tarefas" time="0.001" classname="fmuTestExtent.Academico">
    <skipped/>
  </testcase> <!-- click_On_Tarefas -->
</testsuite> <!-- fmuTestExtent.Academico -->
