<?xml version="1.0" encoding="UTF-8"?>
<!-- Generated by org.testng.reporters.JUnitReportReporter -->
<testsuite name="fmuTestExtent.Services" tests="2" time="23.294" ignored="4" failures="0" timestamp="20 Jun 2019 14:27:45 GMT" skipped="0" hostname="Darshans-MacBook-Pro.local" errors="0">
  <testcase name="clickOn_Services" time="1.437" classname="fmuTestExtent.Services"/>
  <testcase name="click_On_OneoftheServices" time="21.857" classname="fmuTestExtent.Services"/>
  <testcase name="tearDown" classname="com.moofwd.base.TestBase">
    <skipped/>
  </testcase> <!-- tearDown -->
  <testcase name="tearDown" classname="com.moofwd.base.TestBase">
    <skipped/>
  </testcase> <!-- tearDown -->
  <testcase name="init" classname="com.moofwd.base.TestBase">
    <skipped/>
  </testcase> <!-- init -->
  <testcase name="init" classname="com.moofwd.base.TestBase">
    <skipped/>
  </testcase> <!-- init -->
</testsuite> <!-- fmuTestExtent.Services -->
